lip/c7_execution_agent/kill_switch.py:92: note: By default the bodies of untyped functions are not checked, consider using --check-untyped-defs  [annotation-unchecked]
lip/c7_execution_agent/kill_switch.py:93: note: By default the bodies of untyped functions are not checked, consider using --check-untyped-defs  [annotation-unchecked]
lip/c7_execution_agent/kill_switch.py:94: note: By default the bodies of untyped functions are not checked, consider using --check-untyped-defs  [annotation-unchecked]
lip/c7_execution_agent/kill_switch.py:95: note: By default the bodies of untyped functions are not checked, consider using --check-untyped-defs  [annotation-unchecked]
lip/c6_aml_velocity/salt_rotation.py:62: note: By default the bodies of untyped functions are not checked, consider using --check-untyped-defs  [annotation-unchecked]
lip/c6_aml_velocity/salt_rotation.py:63: note: By default the bodies of untyped functions are not checked, consider using --check-untyped-defs  [annotation-unchecked]
lip/c6_aml_velocity/salt_rotation.py:120: error: Argument 2 to "_store_salt" of "SaltRotationManager" has incompatible type "SaltRecord | None"; expected "SaltRecord"  [arg-type]
lip/api/rate_limiter.py:97: error: Item "None" of "Any | None" has no attribute "incr"  [union-attr]
lip/api/rate_limiter.py:99: error: Item "None" of "Any | None" has no attribute "expire"  [union-attr]
lip/tests/test_license_token_canonical.py:105: note: By default the bodies of untyped functions are not checked, consider using --check-untyped-defs  [annotation-unchecked]
lip/tests/test_license_token_canonical.py:128: note: By default the bodies of untyped functions are not checked, consider using --check-untyped-defs  [annotation-unchecked]
lip/tests/test_kill_switch_comprehensive.py:28: note: By default the bodies of untyped functions are not checked, consider using --check-untyped-defs  [annotation-unchecked]
lip/c6_aml_velocity/tenant_velocity.py:151: error: Value of type "dict[str, dict[str, Decimal]] | None" is not indexable  [index]
lip/c6_aml_velocity/tenant_velocity.py:181: error: Item "None" of "dict[str, dict[str, Decimal]] | None" has no attribute "get"  [union-attr]
lip/c5_streaming/event_normalizer.py:319: error: Argument "currency" to "NormalizedEvent" has incompatible type "Any | None"; expected "str"  [arg-type]
lip/c6_aml_velocity/velocity_bridge.py:170: error: Incompatible types in assignment (expression has type "None", variable has type "VelocityChecker")  [assignment]
lip/c6_aml_velocity/velocity_bridge.py:215: error: Item "None" of "Any | None" has no attribute "check"  [union-attr]
lip/c6_aml_velocity/velocity_bridge.py:219: error: Item "None" of "Any | None" has no attribute "hash_id"  [union-attr]
lip/c6_aml_velocity/velocity_bridge.py:220: error: Item "None" of "Any | None" has no attribute "get_beneficiary_concentration"  [union-attr]
lip/c6_aml_velocity/sanctions_bridge.py:213: error: Item "None" of "SanctionsScreener | None" has no attribute "screen"  [union-attr]
lip/c6_aml_velocity/sanctions_bridge.py:233: error: Item "None" of "SanctionsScreener | None" has no attribute "is_clear"  [union-attr]
lip/c6_aml_velocity/sanctions_bridge.py:246: error: Item "None" of "SanctionsScreener | None" has no attribute "_load_lists"  [union-attr]
lip/c6_aml_velocity/sanctions_bridge.py:253: error: Item "None" of "SanctionsScreener | None" has no attribute "_lists"  [union-attr]
lip/c6_aml_velocity/sanctions_bridge.py:259: error: Generator has incompatible item type "int"; expected "bool"  [misc]
lip/c6_aml_velocity/sanctions_bridge.py:259: error: Item "None" of "SanctionsScreener | None" has no attribute "_lists"  [union-attr]
lip/c5_streaming/kafka_worker.py:331: error: Argument "ssl_ca_location" to "KafkaConfig" has incompatible type "str | None"; expected "str"  [arg-type]
lip/c5_streaming/kafka_worker.py:332: error: Argument "ssl_cert_location" to "KafkaConfig" has incompatible type "str | None"; expected "str"  [arg-type]
lip/c5_streaming/kafka_worker.py:333: error: Argument "ssl_key_location" to "KafkaConfig" has incompatible type "str | None"; expected "str"  [arg-type]
lip/c7_execution_agent/override_sweeper.py:15: error: Incompatible types in assignment (expression has type "None", variable has type "type[NotificationEventType]")  [assignment]
lip/c7_execution_agent/override_sweeper.py:15: note: Error code "assignment" not covered by "type: ignore" comment
lip/tests/test_query_metering_budget_race.py:88: note: By default the bodies of untyped functions are not checked, consider using --check-untyped-defs  [annotation-unchecked]
lip/tests/test_query_metering_budget_race.py:131: note: By default the bodies of untyped functions are not checked, consider using --check-untyped-defs  [annotation-unchecked]
lip/tests/test_pickle_ban.py:94: note: By default the bodies of untyped functions are not checked, consider using --check-untyped-defs  [annotation-unchecked]
lip/tests/test_c5_stress_regime.py:214: note: By default the bodies of untyped functions are not checked, consider using --check-untyped-defs  [annotation-unchecked]
lip/tests/test_c5_stress_regime.py:261: note: By default the bodies of untyped functions are not checked, consider using --check-untyped-defs  [annotation-unchecked]
lip/tests/test_c5_stress_regime.py:264: note: By default the bodies of untyped functions are not checked, consider using --check-untyped-defs  [annotation-unchecked]
lip/tests/test_c5_stress_regime.py:314: note: By default the bodies of untyped functions are not checked, consider using --check-untyped-defs  [annotation-unchecked]
lip/pipeline.py:1042: error: Item "None" of "Any | None" has no attribute "register_loan"  [union-attr]
lip/tests/test_c7_offer_delivery.py:71: error: Incompatible default for argument "uetr" (default has type "None", argument has type "str")  [assignment]
lip/tests/test_c7_offer_delivery.py:71: note: PEP 484 prohibits implicit Optional. Accordingly, mypy has changed its default to no_implicit_optional=True
lip/tests/test_c7_offer_delivery.py:71: note: Use https://github.com/hauntsaninja/no_implicit_optional to automatically upgrade your codebase
lip/tests/test_kill_switch_rust.py:251: note: By default the bodies of untyped functions are not checked, consider using --check-untyped-defs  [annotation-unchecked]
lip/tests/test_kill_switch_rust.py:281: note: By default the bodies of untyped functions are not checked, consider using --check-untyped-defs  [annotation-unchecked]
lip/tests/test_block_code_drift.py:162: note: By default the bodies of untyped functions are not checked, consider using --check-untyped-defs  [annotation-unchecked]
lip/tests/test_p10_load_test.py:89: note: By default the bodies of untyped functions are not checked, consider using --check-untyped-defs  [annotation-unchecked]
lip/tests/test_p10_load_test.py:90: note: By default the bodies of untyped functions are not checked, consider using --check-untyped-defs  [annotation-unchecked]
lip/tests/test_p10_load_test.py:118: note: By default the bodies of untyped functions are not checked, consider using --check-untyped-defs  [annotation-unchecked]
lip/tests/test_p10_load_test.py:146: note: By default the bodies of untyped functions are not checked, consider using --check-untyped-defs  [annotation-unchecked]
lip/tests/test_p10_load_test.py:179: note: By default the bodies of untyped functions are not checked, consider using --check-untyped-defs  [annotation-unchecked]
lip/tests/test_p10_load_test.py:207: note: By default the bodies of untyped functions are not checked, consider using --check-untyped-defs  [annotation-unchecked]
lip/tests/test_p10_load_test.py:231: note: By default the bodies of untyped functions are not checked, consider using --check-untyped-defs  [annotation-unchecked]
lip/tests/test_p10_load_test.py:232: note: By default the bodies of untyped functions are not checked, consider using --check-untyped-defs  [annotation-unchecked]
lip/tests/test_p10_load_test.py:271: note: By default the bodies of untyped functions are not checked, consider using --check-untyped-defs  [annotation-unchecked]
lip/tests/test_p10_load_test.py:314: note: By default the bodies of untyped functions are not checked, consider using --check-untyped-defs  [annotation-unchecked]
lip/c4_dispute_classifier/training.py:154: error: "None" not callable  [misc]
lip/c4_dispute_classifier/training.py:355: error: "None" not callable  [misc]
lip/c4_dispute_classifier/training.py:367: error: Item "None" of "Any | None" has no attribute "decode"  [union-attr]
lip/tests/test_e2e_pipeline.py:53: error: Incompatible default for argument "kill_switch" (default has type "None", argument has type "KillSwitch")  [assignment]
lip/tests/test_e2e_pipeline.py:53: note: PEP 484 prohibits implicit Optional. Accordingly, mypy has changed its default to no_implicit_optional=True
lip/tests/test_e2e_pipeline.py:53: note: Use https://github.com/hauntsaninja/no_implicit_optional to automatically upgrade your codebase
lip/tests/test_e2e_pipeline.py:54: error: Incompatible default for argument "degraded" (default has type "None", argument has type "DegradedModeManager")  [assignment]
lip/tests/test_e2e_pipeline.py:54: note: PEP 484 prohibits implicit Optional. Accordingly, mypy has changed its default to no_implicit_optional=True
lip/tests/test_e2e_pipeline.py:54: note: Use https://github.com/hauntsaninja/no_implicit_optional to automatically upgrade your codebase
lip/c1_failure_classifier/training_torch.py:175: error: Argument 1 to "_build_neighbor_tensor" has incompatible type "list[str] | None"; expected "list[str]"  [arg-type]
lip/c1_failure_classifier/training_torch.py:175: error: Argument 2 to "_build_neighbor_tensor" has incompatible type "BICGraphBuilder | None"; expected "BICGraphBuilder"  [arg-type]
lip/c1_failure_classifier/training_torch.py:337: error: Argument 1 to "_build_neighbor_tensor" has incompatible type "list[str] | None"; expected "list[str]"  [arg-type]
lip/c1_failure_classifier/training_torch.py:337: error: Argument 2 to "_build_neighbor_tensor" has incompatible type "BICGraphBuilder | None"; expected "BICGraphBuilder"  [arg-type]
lip/c1_failure_classifier/training_torch.py:363: error: Argument 1 to "_build_neighbor_tensor" has incompatible type "list[str] | None"; expected "list[str]"  [arg-type]
lip/c1_failure_classifier/training_torch.py:363: error: Argument 2 to "_build_neighbor_tensor" has incompatible type "BICGraphBuilder | None"; expected "BICGraphBuilder"  [arg-type]
lip/scripts/eval_c1_auc_torch.py:94: error: Argument 1 to "set_weights_dict" of "GraphSAGEModel" has incompatible type "dict[Any, Any] | None"; expected "dict[Any, Any]"  [arg-type]
lip/scripts/eval_c1_auc_torch.py:95: error: Argument 1 to "set_weights_dict" of "TabTransformerModel" has incompatible type "dict[Any, Any] | None"; expected "dict[Any, Any]"  [arg-type]
